<?xml version="1.0" encoding="UTF-8"?>
<!-- Generated by org.testng.reporters.JUnitXMLReporter -->
<testsuite ignored="0" hostname="DESKTOP-QO8R8V5" failures="1" tests="1" name="Submit Order Test" time="12.085" errors="0" timestamp="2023-04-20T13:59:26 IST">
  <testcase classname="SeleniumFramework.SelemiumJavaFramework.StandAloneTest" name="submitorder" time="3.245">
    <failure type="java.lang.AssertionError" message="expected [true] but found [false]">
      <![CDATA[java.lang.AssertionError: expected [true] but found [false]
at SeleniumFramework.SelemiumJavaFramework.StandAloneTest.submitorder(StandAloneTest.java:44)
at java.base/java.util.ArrayList.forEach(ArrayList.java:1541)
... Removed 31 stack frames]]>
    </failure>
  </testcase> <!-- submitorder -->
</testsuite> <!-- Submit Order Test -->
